<?xml version="1.0" encoding="UTF-8"?>
<robot generator="Robot 6.1.1 (Python 3.11.4 on linux)" generated="20241114 19:19:14.172" rpa="false" schemaversion="4">
<suite id="s1" name="Tests" source="/home/leevisuo/Projects/ohtu/ohtu_palauturepositio/viikko3/hello-robot/src/tests">
<suite id="s1-s1" name="Increase Counter" source="/home/leevisuo/Projects/ohtu/ohtu_palauturepositio/viikko3/hello-robot/src/tests/increase_counter.robot">
<test id="s1-s1-t1" name="Increase Counter Once" line="5">
<kw name="Counter Value Should Be" library="CounterLibrary">
<arg>0</arg>
<status status="PASS" starttime="20241114 19:19:14.184" endtime="20241114 19:19:14.184"/>
</kw>
<kw name="Increase Counter" library="CounterLibrary">
<status status="PASS" starttime="20241114 19:19:14.184" endtime="20241114 19:19:14.184"/>
</kw>
<kw name="Counter Value Should Be" library="CounterLibrary">
<arg>1</arg>
<status status="PASS" starttime="20241114 19:19:14.184" endtime="20241114 19:19:14.184"/>
</kw>
<status status="PASS" starttime="20241114 19:19:14.184" endtime="20241114 19:19:14.184"/>
</test>
<test id="s1-s1-t2" name="Increase Counter Many Times" line="10">
<kw name="Counter Value Should Be" library="CounterLibrary">
<arg>0</arg>
<status status="PASS" starttime="20241114 19:19:14.185" endtime="20241114 19:19:14.185"/>
</kw>
<kw name="Increase Counter" library="CounterLibrary">
<status status="PASS" starttime="20241114 19:19:14.185" endtime="20241114 19:19:14.185"/>
</kw>
<kw name="Increase Counter" library="CounterLibrary">
<status status="PASS" starttime="20241114 19:19:14.185" endtime="20241114 19:19:14.185"/>
</kw>
<kw name="Increase Counter" library="CounterLibrary">
<status status="PASS" starttime="20241114 19:19:14.185" endtime="20241114 19:19:14.185"/>
</kw>
<kw name="Counter Value Should Be" library="CounterLibrary">
<arg>3</arg>
<status status="PASS" starttime="20241114 19:19:14.185" endtime="20241114 19:19:14.185"/>
</kw>
<status status="PASS" starttime="20241114 19:19:14.185" endtime="20241114 19:19:14.185"/>
</test>
<test id="s1-s1-t3" name="Increment Counter By Amount" line="17">
<kw name="Counter Value Should Be" library="CounterLibrary">
<arg>0</arg>
<status status="PASS" starttime="20241114 19:19:14.186" endtime="20241114 19:19:14.186"/>
</kw>
<kw name="Increment Counter By" library="CounterLibrary">
<arg>5</arg>
<status status="PASS" starttime="20241114 19:19:14.186" endtime="20241114 19:19:14.186"/>
</kw>
<kw name="Counter Value Should Be" library="CounterLibrary">
<arg>5</arg>
<status status="PASS" starttime="20241114 19:19:14.186" endtime="20241114 19:19:14.186"/>
</kw>
<status status="PASS" starttime="20241114 19:19:14.185" endtime="20241114 19:19:14.186"/>
</test>
<test id="s1-s1-t4" name="Reset Counter After One Increment" line="22">
<kw name="Counter Value Should Be" library="CounterLibrary">
<arg>0</arg>
<status status="PASS" starttime="20241114 19:19:14.186" endtime="20241114 19:19:14.186"/>
</kw>
<kw name="Increase Counter" library="CounterLibrary">
<status status="PASS" starttime="20241114 19:19:14.186" endtime="20241114 19:19:14.186"/>
</kw>
<kw name="Counter Value Should Be" library="CounterLibrary">
<arg>1</arg>
<status status="PASS" starttime="20241114 19:19:14.186" endtime="20241114 19:19:14.186"/>
</kw>
<kw name="Reset Counter" library="CounterLibrary">
<status status="PASS" starttime="20241114 19:19:14.186" endtime="20241114 19:19:14.187"/>
</kw>
<kw name="Counter Value Should Be" library="CounterLibrary">
<arg>0</arg>
<status status="PASS" starttime="20241114 19:19:14.187" endtime="20241114 19:19:14.187"/>
</kw>
<status status="PASS" starttime="20241114 19:19:14.186" endtime="20241114 19:19:14.187"/>
</test>
<test id="s1-s1-t5" name="Reset Counter After Several Increments" line="29">
<kw name="Counter Value Should Be" library="CounterLibrary">
<arg>0</arg>
<status status="PASS" starttime="20241114 19:19:14.187" endtime="20241114 19:19:14.187"/>
</kw>
<kw name="Increment Counter By" library="CounterLibrary">
<arg>5</arg>
<status status="PASS" starttime="20241114 19:19:14.187" endtime="20241114 19:19:14.187"/>
</kw>
<kw name="Counter Value Should Be" library="CounterLibrary">
<arg>5</arg>
<status status="PASS" starttime="20241114 19:19:14.187" endtime="20241114 19:19:14.187"/>
</kw>
<kw name="Reset Counter" library="CounterLibrary">
<status status="PASS" starttime="20241114 19:19:14.187" endtime="20241114 19:19:14.187"/>
</kw>
<kw name="Counter Value Should Be" library="CounterLibrary">
<arg>0</arg>
<status status="PASS" starttime="20241114 19:19:14.187" endtime="20241114 19:19:14.187"/>
</kw>
<status status="PASS" starttime="20241114 19:19:14.187" endtime="20241114 19:19:14.187"/>
</test>
<status status="PASS" starttime="20241114 19:19:14.182" endtime="20241114 19:19:14.188"/>
</suite>
<status status="PASS" starttime="20241114 19:19:14.173" endtime="20241114 19:19:14.188"/>
</suite>
<statistics>
<total>
<stat pass="5" fail="0" skip="0">All Tests</stat>
</total>
<tag>
</tag>
<suite>
<stat pass="5" fail="0" skip="0" id="s1" name="Tests">Tests</stat>
<stat pass="5" fail="0" skip="0" id="s1-s1" name="Increase Counter">Tests.Increase Counter</stat>
</suite>
</statistics>
<errors>
</errors>
</robot>
