<?xml version="1.0" encoding="UTF-8"?>
<robot generator="Robot 6.1.1 (Python 3.10.12 on linux)" generated="20241115 16:44:40.388" rpa="false" schemaversion="4">
<suite id="s1" name="Tests" source="/home/leevisuo/Documents/ohtu/ohtu_palauturepositio/viikko3/web-login/src/tests">
<suite id="s1-s1" name="Home" source="/home/leevisuo/Documents/ohtu/ohtu_palauturepositio/viikko3/web-login/src/tests/home.robot">
<kw name="Open And Configure Browser" library="resource" type="SETUP">
<if>
<branch type="IF" condition="$BROWSER == 'chrome'">
<kw name="Evaluate" library="BuiltIn">
<var>${options}</var>
<arg>sys.modules['selenium.webdriver'].ChromeOptions()</arg>
<arg>sys</arg>
<doc>Evaluates the given expression in Python and returns the result.</doc>
<msg timestamp="20241115 16:44:40.550" level="INFO">${options} = &lt;selenium.webdriver.chrome.options.Options object at 0x7074bf9bff70&gt;</msg>
<status status="PASS" starttime="20241115 16:44:40.550" endtime="20241115 16:44:40.550"/>
</kw>
<status status="PASS" starttime="20241115 16:44:40.539" endtime="20241115 16:44:40.550"/>
</branch>
<branch type="ELSE IF" condition="$BROWSER == 'firefox'">
<kw name="Evaluate" library="BuiltIn">
<var>${options}</var>
<arg>sys.modules['selenium.webdriver'].FirefoxOptions()</arg>
<arg>sys</arg>
<doc>Evaluates the given expression in Python and returns the result.</doc>
<status status="NOT RUN" starttime="20241115 16:44:40.551" endtime="20241115 16:44:40.551"/>
</kw>
<status status="NOT RUN" starttime="20241115 16:44:40.550" endtime="20241115 16:44:40.551"/>
</branch>
<status status="PASS" starttime="20241115 16:44:40.539" endtime="20241115 16:44:40.551"/>
</if>
<if>
<branch type="IF" condition="$HEADLESS == 'true'">
<kw name="Set Selenium Speed" library="SeleniumLibrary">
<arg>0</arg>
<doc>Sets the delay that is waited after each Selenium command.</doc>
<status status="PASS" starttime="20241115 16:44:40.551" endtime="20241115 16:44:40.551"/>
</kw>
<kw name="Call Method" library="BuiltIn">
<arg>${options}</arg>
<arg>add_argument</arg>
<arg>--headless</arg>
<doc>Calls the named method of the given object with the provided arguments.</doc>
<status status="PASS" starttime="20241115 16:44:40.551" endtime="20241115 16:44:40.552"/>
</kw>
<status status="PASS" starttime="20241115 16:44:40.551" endtime="20241115 16:44:40.552"/>
</branch>
<branch type="ELSE">
<kw name="Set Selenium Speed" library="SeleniumLibrary">
<arg>${DELAY}</arg>
<doc>Sets the delay that is waited after each Selenium command.</doc>
<status status="NOT RUN" starttime="20241115 16:44:40.552" endtime="20241115 16:44:40.552"/>
</kw>
<status status="NOT RUN" starttime="20241115 16:44:40.552" endtime="20241115 16:44:40.552"/>
</branch>
<status status="PASS" starttime="20241115 16:44:40.551" endtime="20241115 16:44:40.552"/>
</if>
<kw name="Open Browser" library="SeleniumLibrary">
<arg>browser=${BROWSER}</arg>
<arg>options=${options}</arg>
<doc>Opens a new browser instance to the optional ``url``.</doc>
<msg timestamp="20241115 16:44:40.552" level="INFO">Opening browser 'chrome' to base url 'None'.</msg>
<msg timestamp="20241115 16:44:40.584" level="WARN">The chromedriver version (130.0.6723.91) detected in PATH at /usr/bin/chromedriver might not be compatible with the detected chrome version (131.0.6778.69); currently, chromedriver 131.0.6778.69 is recommended for chrome 131.*, so it is advised to delete the driver in PATH and retry</msg>
<status status="PASS" starttime="20241115 16:44:40.552" endtime="20241115 16:44:40.775"/>
</kw>
<status status="PASS" starttime="20241115 16:44:40.539" endtime="20241115 16:44:40.775"/>
</kw>
<test id="s1-s1-t1" name="Click Login Link" line="8">
<kw name="Reset Application And Go To Starting Page" type="SETUP">
<kw name="Reset Application" library="AppLibrary">
<status status="PASS" starttime="20241115 16:44:40.776" endtime="20241115 16:44:40.779"/>
</kw>
<kw name="Go To Starting Page" library="resource">
<kw name="Go To" library="SeleniumLibrary">
<arg>${HOME_URL}</arg>
<doc>Navigates the current browser window to the provided ``url``.</doc>
<msg timestamp="20241115 16:44:40.779" level="INFO">Opening url 'http://localhost:5001'</msg>
<status status="PASS" starttime="20241115 16:44:40.779" endtime="20241115 16:44:40.818"/>
</kw>
<status status="PASS" starttime="20241115 16:44:40.779" endtime="20241115 16:44:40.818"/>
</kw>
<status status="PASS" starttime="20241115 16:44:40.776" endtime="20241115 16:44:40.818"/>
</kw>
<kw name="Click Link" library="SeleniumLibrary">
<arg>Login</arg>
<doc>Clicks a link identified by ``locator``.</doc>
<msg timestamp="20241115 16:44:40.819" level="INFO">Clicking link 'Login'.</msg>
<status status="PASS" starttime="20241115 16:44:40.818" endtime="20241115 16:44:40.881"/>
</kw>
<kw name="Login Page Should Be Open">
<kw name="Title Should Be" library="SeleniumLibrary">
<arg>Login</arg>
<doc>Verifies that the current page title equals ``title``.</doc>
<msg timestamp="20241115 16:44:40.885" level="INFO">Page title is 'Login'.</msg>
<status status="PASS" starttime="20241115 16:44:40.881" endtime="20241115 16:44:40.885"/>
</kw>
<status status="PASS" starttime="20241115 16:44:40.881" endtime="20241115 16:44:40.885"/>
</kw>
<status status="PASS" starttime="20241115 16:44:40.775" endtime="20241115 16:44:40.885"/>
</test>
<test id="s1-s1-t2" name="Click Register Link" line="12">
<kw name="Reset Application And Go To Starting Page" type="SETUP">
<kw name="Reset Application" library="AppLibrary">
<status status="PASS" starttime="20241115 16:44:40.886" endtime="20241115 16:44:40.888"/>
</kw>
<kw name="Go To Starting Page" library="resource">
<kw name="Go To" library="SeleniumLibrary">
<arg>${HOME_URL}</arg>
<doc>Navigates the current browser window to the provided ``url``.</doc>
<msg timestamp="20241115 16:44:40.888" level="INFO">Opening url 'http://localhost:5001'</msg>
<status status="PASS" starttime="20241115 16:44:40.888" endtime="20241115 16:44:40.906"/>
</kw>
<status status="PASS" starttime="20241115 16:44:40.888" endtime="20241115 16:44:40.906"/>
</kw>
<status status="PASS" starttime="20241115 16:44:40.886" endtime="20241115 16:44:40.906"/>
</kw>
<kw name="Click Link" library="SeleniumLibrary">
<arg>Register new user</arg>
<doc>Clicks a link identified by ``locator``.</doc>
<msg timestamp="20241115 16:44:40.906" level="INFO">Clicking link 'Register new user'.</msg>
<status status="PASS" starttime="20241115 16:44:40.906" endtime="20241115 16:44:40.953"/>
</kw>
<kw name="Register Page Should Be Open">
<kw name="Title Should Be" library="SeleniumLibrary">
<arg>Register</arg>
<doc>Verifies that the current page title equals ``title``.</doc>
<msg timestamp="20241115 16:44:40.955" level="INFO">Page title is 'Register'.</msg>
<status status="PASS" starttime="20241115 16:44:40.953" endtime="20241115 16:44:40.955"/>
</kw>
<status status="PASS" starttime="20241115 16:44:40.953" endtime="20241115 16:44:40.955"/>
</kw>
<status status="PASS" starttime="20241115 16:44:40.886" endtime="20241115 16:44:40.956"/>
</test>
<kw name="Close Browser" library="SeleniumLibrary" type="TEARDOWN">
<doc>Closes the current browser.</doc>
<status status="PASS" starttime="20241115 16:44:40.956" endtime="20241115 16:44:41.019"/>
</kw>
<status status="PASS" starttime="20241115 16:44:40.400" endtime="20241115 16:44:41.020"/>
</suite>
<suite id="s1-s2" name="Login" source="/home/leevisuo/Documents/ohtu/ohtu_palauturepositio/viikko3/web-login/src/tests/login.robot">
<kw name="Open And Configure Browser" library="resource" type="SETUP">
<if>
<branch type="IF" condition="$BROWSER == 'chrome'">
<kw name="Evaluate" library="BuiltIn">
<var>${options}</var>
<arg>sys.modules['selenium.webdriver'].ChromeOptions()</arg>
<arg>sys</arg>
<doc>Evaluates the given expression in Python and returns the result.</doc>
<msg timestamp="20241115 16:44:41.027" level="INFO">${options} = &lt;selenium.webdriver.chrome.options.Options object at 0x7074bf25aa40&gt;</msg>
<status status="PASS" starttime="20241115 16:44:41.026" endtime="20241115 16:44:41.027"/>
</kw>
<status status="PASS" starttime="20241115 16:44:41.026" endtime="20241115 16:44:41.027"/>
</branch>
<branch type="ELSE IF" condition="$BROWSER == 'firefox'">
<kw name="Evaluate" library="BuiltIn">
<var>${options}</var>
<arg>sys.modules['selenium.webdriver'].FirefoxOptions()</arg>
<arg>sys</arg>
<doc>Evaluates the given expression in Python and returns the result.</doc>
<status status="NOT RUN" starttime="20241115 16:44:41.027" endtime="20241115 16:44:41.027"/>
</kw>
<status status="NOT RUN" starttime="20241115 16:44:41.027" endtime="20241115 16:44:41.027"/>
</branch>
<status status="PASS" starttime="20241115 16:44:41.026" endtime="20241115 16:44:41.028"/>
</if>
<if>
<branch type="IF" condition="$HEADLESS == 'true'">
<kw name="Set Selenium Speed" library="SeleniumLibrary">
<arg>0</arg>
<doc>Sets the delay that is waited after each Selenium command.</doc>
<status status="PASS" starttime="20241115 16:44:41.028" endtime="20241115 16:44:41.028"/>
</kw>
<kw name="Call Method" library="BuiltIn">
<arg>${options}</arg>
<arg>add_argument</arg>
<arg>--headless</arg>
<doc>Calls the named method of the given object with the provided arguments.</doc>
<status status="PASS" starttime="20241115 16:44:41.028" endtime="20241115 16:44:41.028"/>
</kw>
<status status="PASS" starttime="20241115 16:44:41.028" endtime="20241115 16:44:41.028"/>
</branch>
<branch type="ELSE">
<kw name="Set Selenium Speed" library="SeleniumLibrary">
<arg>${DELAY}</arg>
<doc>Sets the delay that is waited after each Selenium command.</doc>
<status status="NOT RUN" starttime="20241115 16:44:41.029" endtime="20241115 16:44:41.029"/>
</kw>
<status status="NOT RUN" starttime="20241115 16:44:41.029" endtime="20241115 16:44:41.029"/>
</branch>
<status status="PASS" starttime="20241115 16:44:41.028" endtime="20241115 16:44:41.029"/>
</if>
<kw name="Open Browser" library="SeleniumLibrary">
<arg>browser=${BROWSER}</arg>
<arg>options=${options}</arg>
<doc>Opens a new browser instance to the optional ``url``.</doc>
<msg timestamp="20241115 16:44:41.030" level="INFO">Opening browser 'chrome' to base url 'None'.</msg>
<msg timestamp="20241115 16:44:41.071" level="WARN">The chromedriver version (130.0.6723.91) detected in PATH at /usr/bin/chromedriver might not be compatible with the detected chrome version (131.0.6778.69); currently, chromedriver 131.0.6778.69 is recommended for chrome 131.*, so it is advised to delete the driver in PATH and retry</msg>
<status status="PASS" starttime="20241115 16:44:41.029" endtime="20241115 16:44:41.252"/>
</kw>
<status status="PASS" starttime="20241115 16:44:41.026" endtime="20241115 16:44:41.252"/>
</kw>
<test id="s1-s2-t1" name="Login With Correct Credentials" line="8">
<kw name="Reset Application Create User And Go To Login Page" type="SETUP">
<kw name="Reset Application" library="AppLibrary">
<status status="PASS" starttime="20241115 16:44:41.253" endtime="20241115 16:44:41.255"/>
</kw>
<kw name="Create User" library="AppLibrary">
<arg>kalle</arg>
<arg>kalle123</arg>
<status status="PASS" starttime="20241115 16:44:41.255" endtime="20241115 16:44:41.260"/>
</kw>
<kw name="Go To Login Page" library="resource">
<kw name="Go To" library="SeleniumLibrary">
<arg>${LOGIN_URL}</arg>
<doc>Navigates the current browser window to the provided ``url``.</doc>
<msg timestamp="20241115 16:44:41.260" level="INFO">Opening url 'http://localhost:5001/login'</msg>
<status status="PASS" starttime="20241115 16:44:41.260" endtime="20241115 16:44:41.298"/>
</kw>
<status status="PASS" starttime="20241115 16:44:41.260" endtime="20241115 16:44:41.298"/>
</kw>
<status status="PASS" starttime="20241115 16:44:41.253" endtime="20241115 16:44:41.298"/>
</kw>
<kw name="Set Username">
<arg>kalle</arg>
<kw name="Input Text" library="SeleniumLibrary">
<arg>username</arg>
<arg>${username}</arg>
<doc>Types the given ``text`` into the text field identified by ``locator``.</doc>
<msg timestamp="20241115 16:44:41.299" level="INFO">Typing text 'kalle' into text field 'username'.</msg>
<status status="PASS" starttime="20241115 16:44:41.298" endtime="20241115 16:44:41.364"/>
</kw>
<status status="PASS" starttime="20241115 16:44:41.298" endtime="20241115 16:44:41.364"/>
</kw>
<kw name="Set Password">
<arg>kalle123</arg>
<kw name="Input Password" library="SeleniumLibrary">
<arg>password</arg>
<arg>${password}</arg>
<doc>Types the given password into the text field identified by ``locator``.</doc>
<msg timestamp="20241115 16:44:41.365" level="INFO">Typing password into text field 'password'.</msg>
<msg timestamp="20241115 16:44:41.385" level="INFO">Temporally setting log level to: NONE</msg>
<msg timestamp="20241115 16:44:41.405" level="INFO">Log level changed from NONE to INFO.</msg>
<status status="PASS" starttime="20241115 16:44:41.364" endtime="20241115 16:44:41.405"/>
</kw>
<status status="PASS" starttime="20241115 16:44:41.364" endtime="20241115 16:44:41.405"/>
</kw>
<kw name="Submit Credentials">
<kw name="Click Button" library="SeleniumLibrary">
<arg>Login</arg>
<doc>Clicks the button identified by ``locator``.</doc>
<msg timestamp="20241115 16:44:41.406" level="INFO">Clicking button 'Login'.</msg>
<status status="PASS" starttime="20241115 16:44:41.406" endtime="20241115 16:44:41.456"/>
</kw>
<status status="PASS" starttime="20241115 16:44:41.405" endtime="20241115 16:44:41.456"/>
</kw>
<kw name="Login Should Succeed">
<kw name="Main Page Should Be Open" library="resource">
<kw name="Title Should Be" library="SeleniumLibrary">
<arg>Ohtu Application main page</arg>
<doc>Verifies that the current page title equals ``title``.</doc>
<msg timestamp="20241115 16:44:41.469" level="INFO">Page title is 'Ohtu Application main page'.</msg>
<status status="PASS" starttime="20241115 16:44:41.457" endtime="20241115 16:44:41.469"/>
</kw>
<status status="PASS" starttime="20241115 16:44:41.456" endtime="20241115 16:44:41.469"/>
</kw>
<status status="PASS" starttime="20241115 16:44:41.456" endtime="20241115 16:44:41.469"/>
</kw>
<status status="PASS" starttime="20241115 16:44:41.252" endtime="20241115 16:44:41.469"/>
</test>
<test id="s1-s2-t2" name="Login With Incorrect Password" line="14">
<kw name="Reset Application Create User And Go To Login Page" type="SETUP">
<kw name="Reset Application" library="AppLibrary">
<status status="PASS" starttime="20241115 16:44:41.470" endtime="20241115 16:44:41.472"/>
</kw>
<kw name="Create User" library="AppLibrary">
<arg>kalle</arg>
<arg>kalle123</arg>
<status status="PASS" starttime="20241115 16:44:41.472" endtime="20241115 16:44:41.475"/>
</kw>
<kw name="Go To Login Page" library="resource">
<kw name="Go To" library="SeleniumLibrary">
<arg>${LOGIN_URL}</arg>
<doc>Navigates the current browser window to the provided ``url``.</doc>
<msg timestamp="20241115 16:44:41.476" level="INFO">Opening url 'http://localhost:5001/login'</msg>
<status status="PASS" starttime="20241115 16:44:41.475" endtime="20241115 16:44:41.492"/>
</kw>
<status status="PASS" starttime="20241115 16:44:41.475" endtime="20241115 16:44:41.492"/>
</kw>
<status status="PASS" starttime="20241115 16:44:41.469" endtime="20241115 16:44:41.492"/>
</kw>
<kw name="Set Username">
<arg>kalle</arg>
<kw name="Input Text" library="SeleniumLibrary">
<arg>username</arg>
<arg>${username}</arg>
<doc>Types the given ``text`` into the text field identified by ``locator``.</doc>
<msg timestamp="20241115 16:44:41.493" level="INFO">Typing text 'kalle' into text field 'username'.</msg>
<status status="PASS" starttime="20241115 16:44:41.493" endtime="20241115 16:44:41.537"/>
</kw>
<status status="PASS" starttime="20241115 16:44:41.492" endtime="20241115 16:44:41.537"/>
</kw>
<kw name="Set Password">
<arg>kalle456</arg>
<kw name="Input Password" library="SeleniumLibrary">
<arg>password</arg>
<arg>${password}</arg>
<doc>Types the given password into the text field identified by ``locator``.</doc>
<msg timestamp="20241115 16:44:41.538" level="INFO">Typing password into text field 'password'.</msg>
<msg timestamp="20241115 16:44:41.556" level="INFO">Temporally setting log level to: NONE</msg>
<msg timestamp="20241115 16:44:41.577" level="INFO">Log level changed from NONE to INFO.</msg>
<status status="PASS" starttime="20241115 16:44:41.537" endtime="20241115 16:44:41.577"/>
</kw>
<status status="PASS" starttime="20241115 16:44:41.537" endtime="20241115 16:44:41.577"/>
</kw>
<kw name="Submit Credentials">
<kw name="Click Button" library="SeleniumLibrary">
<arg>Login</arg>
<doc>Clicks the button identified by ``locator``.</doc>
<msg timestamp="20241115 16:44:41.577" level="INFO">Clicking button 'Login'.</msg>
<status status="PASS" starttime="20241115 16:44:41.577" endtime="20241115 16:44:41.608"/>
</kw>
<status status="PASS" starttime="20241115 16:44:41.577" endtime="20241115 16:44:41.608"/>
</kw>
<kw name="Login Should Fail With Message">
<arg>Invalid username or password</arg>
<kw name="Login Page Should Be Open" library="resource">
<kw name="Title Should Be" library="SeleniumLibrary">
<arg>Login</arg>
<doc>Verifies that the current page title equals ``title``.</doc>
<msg timestamp="20241115 16:44:41.619" level="INFO">Page title is 'Login'.</msg>
<status status="PASS" starttime="20241115 16:44:41.609" endtime="20241115 16:44:41.619"/>
</kw>
<status status="PASS" starttime="20241115 16:44:41.609" endtime="20241115 16:44:41.619"/>
</kw>
<kw name="Page Should Contain" library="SeleniumLibrary">
<arg>${message}</arg>
<doc>Verifies that current page contains ``text``.</doc>
<msg timestamp="20241115 16:44:41.628" level="INFO">Current page contains text 'Invalid username or password'.</msg>
<status status="PASS" starttime="20241115 16:44:41.619" endtime="20241115 16:44:41.628"/>
</kw>
<status status="PASS" starttime="20241115 16:44:41.608" endtime="20241115 16:44:41.628"/>
</kw>
<status status="PASS" starttime="20241115 16:44:41.469" endtime="20241115 16:44:41.628"/>
</test>
<test id="s1-s2-t3" name="Login With Nonexistent Username" line="20">
<kw name="Reset Application Create User And Go To Login Page" type="SETUP">
<kw name="Reset Application" library="AppLibrary">
<status status="PASS" starttime="20241115 16:44:41.629" endtime="20241115 16:44:41.633"/>
</kw>
<kw name="Create User" library="AppLibrary">
<arg>kalle</arg>
<arg>kalle123</arg>
<status status="PASS" starttime="20241115 16:44:41.633" endtime="20241115 16:44:41.637"/>
</kw>
<kw name="Go To Login Page" library="resource">
<kw name="Go To" library="SeleniumLibrary">
<arg>${LOGIN_URL}</arg>
<doc>Navigates the current browser window to the provided ``url``.</doc>
<msg timestamp="20241115 16:44:41.638" level="INFO">Opening url 'http://localhost:5001/login'</msg>
<status status="PASS" starttime="20241115 16:44:41.638" endtime="20241115 16:44:41.651"/>
</kw>
<status status="PASS" starttime="20241115 16:44:41.638" endtime="20241115 16:44:41.651"/>
</kw>
<status status="PASS" starttime="20241115 16:44:41.629" endtime="20241115 16:44:41.651"/>
</kw>
<kw name="Set Username">
<arg>pasi</arg>
<kw name="Input Text" library="SeleniumLibrary">
<arg>username</arg>
<arg>${username}</arg>
<doc>Types the given ``text`` into the text field identified by ``locator``.</doc>
<msg timestamp="20241115 16:44:41.652" level="INFO">Typing text 'pasi' into text field 'username'.</msg>
<status status="PASS" starttime="20241115 16:44:41.652" endtime="20241115 16:44:41.692"/>
</kw>
<status status="PASS" starttime="20241115 16:44:41.651" endtime="20241115 16:44:41.692"/>
</kw>
<kw name="Set Password">
<arg>pasi3</arg>
<kw name="Input Password" library="SeleniumLibrary">
<arg>password</arg>
<arg>${password}</arg>
<doc>Types the given password into the text field identified by ``locator``.</doc>
<msg timestamp="20241115 16:44:41.693" level="INFO">Typing password into text field 'password'.</msg>
<msg timestamp="20241115 16:44:41.712" level="INFO">Temporally setting log level to: NONE</msg>
<msg timestamp="20241115 16:44:41.732" level="INFO">Log level changed from NONE to INFO.</msg>
<status status="PASS" starttime="20241115 16:44:41.693" endtime="20241115 16:44:41.732"/>
</kw>
<status status="PASS" starttime="20241115 16:44:41.692" endtime="20241115 16:44:41.732"/>
</kw>
<kw name="Submit Credentials">
<kw name="Click Button" library="SeleniumLibrary">
<arg>Login</arg>
<doc>Clicks the button identified by ``locator``.</doc>
<msg timestamp="20241115 16:44:41.733" level="INFO">Clicking button 'Login'.</msg>
<status status="PASS" starttime="20241115 16:44:41.733" endtime="20241115 16:44:41.763"/>
</kw>
<status status="PASS" starttime="20241115 16:44:41.733" endtime="20241115 16:44:41.763"/>
</kw>
<kw name="Page Should Contain" library="SeleniumLibrary">
<arg>Invalid username or password</arg>
<doc>Verifies that current page contains ``text``.</doc>
<msg timestamp="20241115 16:44:41.775" level="INFO">Current page contains text 'Invalid username or password'.</msg>
<status status="PASS" starttime="20241115 16:44:41.763" endtime="20241115 16:44:41.775"/>
</kw>
<status status="PASS" starttime="20241115 16:44:41.629" endtime="20241115 16:44:41.776"/>
</test>
<kw name="Close Browser" library="SeleniumLibrary" type="TEARDOWN">
<doc>Closes the current browser.</doc>
<status status="PASS" starttime="20241115 16:44:41.776" endtime="20241115 16:44:41.841"/>
</kw>
<status status="PASS" starttime="20241115 16:44:41.021" endtime="20241115 16:44:41.841"/>
</suite>
<suite id="s1-s3" name="Register" source="/home/leevisuo/Documents/ohtu/ohtu_palauturepositio/viikko3/web-login/src/tests/register.robot">
<kw name="Open And Configure Browser" library="resource" type="SETUP">
<if>
<branch type="IF" condition="$BROWSER == 'chrome'">
<kw name="Evaluate" library="BuiltIn">
<var>${options}</var>
<arg>sys.modules['selenium.webdriver'].ChromeOptions()</arg>
<arg>sys</arg>
<doc>Evaluates the given expression in Python and returns the result.</doc>
<msg timestamp="20241115 16:44:41.847" level="INFO">${options} = &lt;selenium.webdriver.chrome.options.Options object at 0x7074bf10c280&gt;</msg>
<status status="PASS" starttime="20241115 16:44:41.847" endtime="20241115 16:44:41.847"/>
</kw>
<status status="PASS" starttime="20241115 16:44:41.847" endtime="20241115 16:44:41.848"/>
</branch>
<branch type="ELSE IF" condition="$BROWSER == 'firefox'">
<kw name="Evaluate" library="BuiltIn">
<var>${options}</var>
<arg>sys.modules['selenium.webdriver'].FirefoxOptions()</arg>
<arg>sys</arg>
<doc>Evaluates the given expression in Python and returns the result.</doc>
<status status="NOT RUN" starttime="20241115 16:44:41.848" endtime="20241115 16:44:41.848"/>
</kw>
<status status="NOT RUN" starttime="20241115 16:44:41.848" endtime="20241115 16:44:41.848"/>
</branch>
<status status="PASS" starttime="20241115 16:44:41.847" endtime="20241115 16:44:41.848"/>
</if>
<if>
<branch type="IF" condition="$HEADLESS == 'true'">
<kw name="Set Selenium Speed" library="SeleniumLibrary">
<arg>0</arg>
<doc>Sets the delay that is waited after each Selenium command.</doc>
<status status="PASS" starttime="20241115 16:44:41.848" endtime="20241115 16:44:41.849"/>
</kw>
<kw name="Call Method" library="BuiltIn">
<arg>${options}</arg>
<arg>add_argument</arg>
<arg>--headless</arg>
<doc>Calls the named method of the given object with the provided arguments.</doc>
<status status="PASS" starttime="20241115 16:44:41.849" endtime="20241115 16:44:41.849"/>
</kw>
<status status="PASS" starttime="20241115 16:44:41.848" endtime="20241115 16:44:41.849"/>
</branch>
<branch type="ELSE">
<kw name="Set Selenium Speed" library="SeleniumLibrary">
<arg>${DELAY}</arg>
<doc>Sets the delay that is waited after each Selenium command.</doc>
<status status="NOT RUN" starttime="20241115 16:44:41.849" endtime="20241115 16:44:41.849"/>
</kw>
<status status="NOT RUN" starttime="20241115 16:44:41.849" endtime="20241115 16:44:41.849"/>
</branch>
<status status="PASS" starttime="20241115 16:44:41.848" endtime="20241115 16:44:41.849"/>
</if>
<kw name="Open Browser" library="SeleniumLibrary">
<arg>browser=${BROWSER}</arg>
<arg>options=${options}</arg>
<doc>Opens a new browser instance to the optional ``url``.</doc>
<msg timestamp="20241115 16:44:41.850" level="INFO">Opening browser 'chrome' to base url 'None'.</msg>
<msg timestamp="20241115 16:44:41.894" level="WARN">The chromedriver version (130.0.6723.91) detected in PATH at /usr/bin/chromedriver might not be compatible with the detected chrome version (131.0.6778.69); currently, chromedriver 131.0.6778.69 is recommended for chrome 131.*, so it is advised to delete the driver in PATH and retry</msg>
<status status="PASS" starttime="20241115 16:44:41.850" endtime="20241115 16:44:42.074"/>
</kw>
<status status="PASS" starttime="20241115 16:44:41.846" endtime="20241115 16:44:42.074"/>
</kw>
<test id="s1-s3-t1" name="Register With Valid Username And Password" line="9">
<kw name="Reset Application Create User And Go To Register Page" type="SETUP">
<kw name="Reset Application" library="AppLibrary">
<status status="PASS" starttime="20241115 16:44:42.074" endtime="20241115 16:44:42.076"/>
</kw>
<kw name="Create User" library="AppLibrary">
<arg>kalle</arg>
<arg>kalle123</arg>
<status status="PASS" starttime="20241115 16:44:42.076" endtime="20241115 16:44:42.080"/>
</kw>
<kw name="Go To Register Page" library="resource">
<kw name="Go To" library="SeleniumLibrary">
<arg>${REGISTER_URL}</arg>
<doc>Navigates the current browser window to the provided ``url``.</doc>
<msg timestamp="20241115 16:44:42.080" level="INFO">Opening url 'http://localhost:5001/register'</msg>
<status status="PASS" starttime="20241115 16:44:42.080" endtime="20241115 16:44:42.119"/>
</kw>
<status status="PASS" starttime="20241115 16:44:42.080" endtime="20241115 16:44:42.119"/>
</kw>
<status status="PASS" starttime="20241115 16:44:42.074" endtime="20241115 16:44:42.119"/>
</kw>
<kw name="Set Username">
<arg>pasi</arg>
<kw name="Input Text" library="SeleniumLibrary">
<arg>username</arg>
<arg>${username}</arg>
<doc>Types the given ``text`` into the text field identified by ``locator``.</doc>
<msg timestamp="20241115 16:44:42.121" level="INFO">Typing text 'pasi' into text field 'username'.</msg>
<status status="PASS" starttime="20241115 16:44:42.120" endtime="20241115 16:44:42.186"/>
</kw>
<status status="PASS" starttime="20241115 16:44:42.119" endtime="20241115 16:44:42.186"/>
</kw>
<kw name="Set Matching Passwords">
<arg>123456789</arg>
<kw name="Input Password" library="SeleniumLibrary">
<arg>password</arg>
<arg>${password}</arg>
<doc>Types the given password into the text field identified by ``locator``.</doc>
<msg timestamp="20241115 16:44:42.187" level="INFO">Typing password into text field 'password'.</msg>
<msg timestamp="20241115 16:44:42.206" level="INFO">Temporally setting log level to: NONE</msg>
<msg timestamp="20241115 16:44:42.228" level="INFO">Log level changed from NONE to INFO.</msg>
<status status="PASS" starttime="20241115 16:44:42.186" endtime="20241115 16:44:42.228"/>
</kw>
<kw name="Input Password" library="SeleniumLibrary">
<arg>password_confirmation</arg>
<arg>${password}</arg>
<doc>Types the given password into the text field identified by ``locator``.</doc>
<msg timestamp="20241115 16:44:42.228" level="INFO">Typing password into text field 'password_confirmation'.</msg>
<msg timestamp="20241115 16:44:42.248" level="INFO">Temporally setting log level to: NONE</msg>
<msg timestamp="20241115 16:44:42.268" level="INFO">Log level changed from NONE to INFO.</msg>
<status status="PASS" starttime="20241115 16:44:42.228" endtime="20241115 16:44:42.269"/>
</kw>
<status status="PASS" starttime="20241115 16:44:42.186" endtime="20241115 16:44:42.269"/>
</kw>
<kw name="Submit Credentials">
<kw name="Click Button" library="SeleniumLibrary">
<arg>Register</arg>
<doc>Clicks the button identified by ``locator``.</doc>
<msg timestamp="20241115 16:44:42.269" level="INFO">Clicking button 'Register'.</msg>
<status status="PASS" starttime="20241115 16:44:42.269" endtime="20241115 16:44:42.311"/>
</kw>
<status status="PASS" starttime="20241115 16:44:42.269" endtime="20241115 16:44:42.311"/>
</kw>
<kw name="Registeration Should Succeed">
<kw name="Title Should Be" library="SeleniumLibrary">
<arg>Welcome to Ohtu Application!</arg>
<doc>Verifies that the current page title equals ``title``.</doc>
<msg timestamp="20241115 16:44:42.323" level="INFO">Page title is 'Welcome to Ohtu Application!'.</msg>
<status status="PASS" starttime="20241115 16:44:42.312" endtime="20241115 16:44:42.323"/>
</kw>
<status status="PASS" starttime="20241115 16:44:42.311" endtime="20241115 16:44:42.323"/>
</kw>
<status status="PASS" starttime="20241115 16:44:42.074" endtime="20241115 16:44:42.323"/>
</test>
<test id="s1-s3-t2" name="Register With Too Short Username And Valid Password" line="15">
<kw name="Reset Application Create User And Go To Register Page" type="SETUP">
<kw name="Reset Application" library="AppLibrary">
<status status="PASS" starttime="20241115 16:44:42.324" endtime="20241115 16:44:42.326"/>
</kw>
<kw name="Create User" library="AppLibrary">
<arg>kalle</arg>
<arg>kalle123</arg>
<status status="PASS" starttime="20241115 16:44:42.326" endtime="20241115 16:44:42.331"/>
</kw>
<kw name="Go To Register Page" library="resource">
<kw name="Go To" library="SeleniumLibrary">
<arg>${REGISTER_URL}</arg>
<doc>Navigates the current browser window to the provided ``url``.</doc>
<msg timestamp="20241115 16:44:42.331" level="INFO">Opening url 'http://localhost:5001/register'</msg>
<status status="PASS" starttime="20241115 16:44:42.331" endtime="20241115 16:44:42.347"/>
</kw>
<status status="PASS" starttime="20241115 16:44:42.331" endtime="20241115 16:44:42.347"/>
</kw>
<status status="PASS" starttime="20241115 16:44:42.324" endtime="20241115 16:44:42.347"/>
</kw>
<kw name="Set Username">
<arg>pa</arg>
<kw name="Input Text" library="SeleniumLibrary">
<arg>username</arg>
<arg>${username}</arg>
<doc>Types the given ``text`` into the text field identified by ``locator``.</doc>
<msg timestamp="20241115 16:44:42.349" level="INFO">Typing text 'pa' into text field 'username'.</msg>
<status status="PASS" starttime="20241115 16:44:42.348" endtime="20241115 16:44:42.389"/>
</kw>
<status status="PASS" starttime="20241115 16:44:42.348" endtime="20241115 16:44:42.389"/>
</kw>
<kw name="Set Matching Passwords">
<arg>123456789</arg>
<kw name="Input Password" library="SeleniumLibrary">
<arg>password</arg>
<arg>${password}</arg>
<doc>Types the given password into the text field identified by ``locator``.</doc>
<msg timestamp="20241115 16:44:42.389" level="INFO">Typing password into text field 'password'.</msg>
<msg timestamp="20241115 16:44:42.407" level="INFO">Temporally setting log level to: NONE</msg>
<msg timestamp="20241115 16:44:42.429" level="INFO">Log level changed from NONE to INFO.</msg>
<status status="PASS" starttime="20241115 16:44:42.389" endtime="20241115 16:44:42.429"/>
</kw>
<kw name="Input Password" library="SeleniumLibrary">
<arg>password_confirmation</arg>
<arg>${password}</arg>
<doc>Types the given password into the text field identified by ``locator``.</doc>
<msg timestamp="20241115 16:44:42.430" level="INFO">Typing password into text field 'password_confirmation'.</msg>
<msg timestamp="20241115 16:44:42.447" level="INFO">Temporally setting log level to: NONE</msg>
<msg timestamp="20241115 16:44:42.467" level="INFO">Log level changed from NONE to INFO.</msg>
<status status="PASS" starttime="20241115 16:44:42.429" endtime="20241115 16:44:42.468"/>
</kw>
<status status="PASS" starttime="20241115 16:44:42.389" endtime="20241115 16:44:42.468"/>
</kw>
<kw name="Submit Credentials">
<kw name="Click Button" library="SeleniumLibrary">
<arg>Register</arg>
<doc>Clicks the button identified by ``locator``.</doc>
<msg timestamp="20241115 16:44:42.468" level="INFO">Clicking button 'Register'.</msg>
<status status="PASS" starttime="20241115 16:44:42.468" endtime="20241115 16:44:42.500"/>
</kw>
<status status="PASS" starttime="20241115 16:44:42.468" endtime="20241115 16:44:42.500"/>
</kw>
<kw name="Registeration Should Fail">
<kw name="Title Should Be" library="SeleniumLibrary">
<arg>Register</arg>
<doc>Verifies that the current page title equals ``title``.</doc>
<msg timestamp="20241115 16:44:42.508" level="INFO">Page title is 'Register'.</msg>
<status status="PASS" starttime="20241115 16:44:42.501" endtime="20241115 16:44:42.508"/>
</kw>
<status status="PASS" starttime="20241115 16:44:42.500" endtime="20241115 16:44:42.508"/>
</kw>
<status status="PASS" starttime="20241115 16:44:42.323" endtime="20241115 16:44:42.508"/>
</test>
<test id="s1-s3-t3" name="Register With Valid Username And Too Short Password" line="22">
<kw name="Reset Application Create User And Go To Register Page" type="SETUP">
<kw name="Reset Application" library="AppLibrary">
<status status="PASS" starttime="20241115 16:44:42.509" endtime="20241115 16:44:42.511"/>
</kw>
<kw name="Create User" library="AppLibrary">
<arg>kalle</arg>
<arg>kalle123</arg>
<status status="PASS" starttime="20241115 16:44:42.511" endtime="20241115 16:44:42.517"/>
</kw>
<kw name="Go To Register Page" library="resource">
<kw name="Go To" library="SeleniumLibrary">
<arg>${REGISTER_URL}</arg>
<doc>Navigates the current browser window to the provided ``url``.</doc>
<msg timestamp="20241115 16:44:42.518" level="INFO">Opening url 'http://localhost:5001/register'</msg>
<status status="PASS" starttime="20241115 16:44:42.518" endtime="20241115 16:44:42.529"/>
</kw>
<status status="PASS" starttime="20241115 16:44:42.517" endtime="20241115 16:44:42.529"/>
</kw>
<status status="PASS" starttime="20241115 16:44:42.509" endtime="20241115 16:44:42.529"/>
</kw>
<kw name="Set Username">
<arg>pasi</arg>
<kw name="Input Text" library="SeleniumLibrary">
<arg>username</arg>
<arg>${username}</arg>
<doc>Types the given ``text`` into the text field identified by ``locator``.</doc>
<msg timestamp="20241115 16:44:42.530" level="INFO">Typing text 'pasi' into text field 'username'.</msg>
<status status="PASS" starttime="20241115 16:44:42.530" endtime="20241115 16:44:42.571"/>
</kw>
<status status="PASS" starttime="20241115 16:44:42.529" endtime="20241115 16:44:42.571"/>
</kw>
<kw name="Set Matching Passwords">
<arg>12</arg>
<kw name="Input Password" library="SeleniumLibrary">
<arg>password</arg>
<arg>${password}</arg>
<doc>Types the given password into the text field identified by ``locator``.</doc>
<msg timestamp="20241115 16:44:42.572" level="INFO">Typing password into text field 'password'.</msg>
<msg timestamp="20241115 16:44:42.589" level="INFO">Temporally setting log level to: NONE</msg>
<msg timestamp="20241115 16:44:42.608" level="INFO">Log level changed from NONE to INFO.</msg>
<status status="PASS" starttime="20241115 16:44:42.571" endtime="20241115 16:44:42.608"/>
</kw>
<kw name="Input Password" library="SeleniumLibrary">
<arg>password_confirmation</arg>
<arg>${password}</arg>
<doc>Types the given password into the text field identified by ``locator``.</doc>
<msg timestamp="20241115 16:44:42.609" level="INFO">Typing password into text field 'password_confirmation'.</msg>
<msg timestamp="20241115 16:44:42.624" level="INFO">Temporally setting log level to: NONE</msg>
<msg timestamp="20241115 16:44:42.644" level="INFO">Log level changed from NONE to INFO.</msg>
<status status="PASS" starttime="20241115 16:44:42.608" endtime="20241115 16:44:42.644"/>
</kw>
<status status="PASS" starttime="20241115 16:44:42.571" endtime="20241115 16:44:42.644"/>
</kw>
<kw name="Submit Credentials">
<kw name="Click Button" library="SeleniumLibrary">
<arg>Register</arg>
<doc>Clicks the button identified by ``locator``.</doc>
<msg timestamp="20241115 16:44:42.644" level="INFO">Clicking button 'Register'.</msg>
<status status="PASS" starttime="20241115 16:44:42.644" endtime="20241115 16:44:42.676"/>
</kw>
<status status="PASS" starttime="20241115 16:44:42.644" endtime="20241115 16:44:42.676"/>
</kw>
<kw name="Registeration Should Fail">
<kw name="Title Should Be" library="SeleniumLibrary">
<arg>Register</arg>
<doc>Verifies that the current page title equals ``title``.</doc>
<msg timestamp="20241115 16:44:42.688" level="INFO">Page title is 'Register'.</msg>
<status status="PASS" starttime="20241115 16:44:42.677" endtime="20241115 16:44:42.688"/>
</kw>
<status status="PASS" starttime="20241115 16:44:42.676" endtime="20241115 16:44:42.688"/>
</kw>
<status status="PASS" starttime="20241115 16:44:42.508" endtime="20241115 16:44:42.688"/>
</test>
<test id="s1-s3-t4" name="Register With Valid Username And Invalid Password" line="29">
<kw name="Reset Application Create User And Go To Register Page" type="SETUP">
<kw name="Reset Application" library="AppLibrary">
<status status="PASS" starttime="20241115 16:44:42.689" endtime="20241115 16:44:42.691"/>
</kw>
<kw name="Create User" library="AppLibrary">
<arg>kalle</arg>
<arg>kalle123</arg>
<status status="PASS" starttime="20241115 16:44:42.691" endtime="20241115 16:44:42.695"/>
</kw>
<kw name="Go To Register Page" library="resource">
<kw name="Go To" library="SeleniumLibrary">
<arg>${REGISTER_URL}</arg>
<doc>Navigates the current browser window to the provided ``url``.</doc>
<msg timestamp="20241115 16:44:42.695" level="INFO">Opening url 'http://localhost:5001/register'</msg>
<status status="PASS" starttime="20241115 16:44:42.695" endtime="20241115 16:44:42.709"/>
</kw>
<status status="PASS" starttime="20241115 16:44:42.695" endtime="20241115 16:44:42.709"/>
</kw>
<status status="PASS" starttime="20241115 16:44:42.689" endtime="20241115 16:44:42.709"/>
</kw>
<kw name="Set Username">
<arg>pasi</arg>
<kw name="Input Text" library="SeleniumLibrary">
<arg>username</arg>
<arg>${username}</arg>
<doc>Types the given ``text`` into the text field identified by ``locator``.</doc>
<msg timestamp="20241115 16:44:42.710" level="INFO">Typing text 'pasi' into text field 'username'.</msg>
<status status="PASS" starttime="20241115 16:44:42.710" endtime="20241115 16:44:42.753"/>
</kw>
<status status="PASS" starttime="20241115 16:44:42.709" endtime="20241115 16:44:42.753"/>
</kw>
<kw name="Set Matching Passwords">
<arg>abcdefghijklmn</arg>
<kw name="Input Password" library="SeleniumLibrary">
<arg>password</arg>
<arg>${password}</arg>
<doc>Types the given password into the text field identified by ``locator``.</doc>
<msg timestamp="20241115 16:44:42.754" level="INFO">Typing password into text field 'password'.</msg>
<msg timestamp="20241115 16:44:42.771" level="INFO">Temporally setting log level to: NONE</msg>
<msg timestamp="20241115 16:44:42.792" level="INFO">Log level changed from NONE to INFO.</msg>
<status status="PASS" starttime="20241115 16:44:42.753" endtime="20241115 16:44:42.792"/>
</kw>
<kw name="Input Password" library="SeleniumLibrary">
<arg>password_confirmation</arg>
<arg>${password}</arg>
<doc>Types the given password into the text field identified by ``locator``.</doc>
<msg timestamp="20241115 16:44:42.793" level="INFO">Typing password into text field 'password_confirmation'.</msg>
<msg timestamp="20241115 16:44:42.808" level="INFO">Temporally setting log level to: NONE</msg>
<msg timestamp="20241115 16:44:42.829" level="INFO">Log level changed from NONE to INFO.</msg>
<status status="PASS" starttime="20241115 16:44:42.792" endtime="20241115 16:44:42.829"/>
</kw>
<status status="PASS" starttime="20241115 16:44:42.753" endtime="20241115 16:44:42.829"/>
</kw>
<kw name="Submit Credentials">
<kw name="Click Button" library="SeleniumLibrary">
<arg>Register</arg>
<doc>Clicks the button identified by ``locator``.</doc>
<msg timestamp="20241115 16:44:42.830" level="INFO">Clicking button 'Register'.</msg>
<status status="PASS" starttime="20241115 16:44:42.830" endtime="20241115 16:44:42.860"/>
</kw>
<status status="PASS" starttime="20241115 16:44:42.829" endtime="20241115 16:44:42.860"/>
</kw>
<kw name="Registeration Should Fail">
<kw name="Title Should Be" library="SeleniumLibrary">
<arg>Register</arg>
<doc>Verifies that the current page title equals ``title``.</doc>
<msg timestamp="20241115 16:44:42.871" level="INFO">Page title is 'Register'.</msg>
<status status="PASS" starttime="20241115 16:44:42.860" endtime="20241115 16:44:42.871"/>
</kw>
<status status="PASS" starttime="20241115 16:44:42.860" endtime="20241115 16:44:42.871"/>
</kw>
<status status="PASS" starttime="20241115 16:44:42.688" endtime="20241115 16:44:42.871"/>
</test>
<test id="s1-s3-t5" name="Register With Nonmatching Password And Password Confirmation" line="37">
<kw name="Reset Application Create User And Go To Register Page" type="SETUP">
<kw name="Reset Application" library="AppLibrary">
<status status="PASS" starttime="20241115 16:44:42.872" endtime="20241115 16:44:42.874"/>
</kw>
<kw name="Create User" library="AppLibrary">
<arg>kalle</arg>
<arg>kalle123</arg>
<status status="PASS" starttime="20241115 16:44:42.874" endtime="20241115 16:44:42.877"/>
</kw>
<kw name="Go To Register Page" library="resource">
<kw name="Go To" library="SeleniumLibrary">
<arg>${REGISTER_URL}</arg>
<doc>Navigates the current browser window to the provided ``url``.</doc>
<msg timestamp="20241115 16:44:42.878" level="INFO">Opening url 'http://localhost:5001/register'</msg>
<status status="PASS" starttime="20241115 16:44:42.878" endtime="20241115 16:44:42.892"/>
</kw>
<status status="PASS" starttime="20241115 16:44:42.877" endtime="20241115 16:44:42.892"/>
</kw>
<status status="PASS" starttime="20241115 16:44:42.872" endtime="20241115 16:44:42.892"/>
</kw>
<kw name="Set Username">
<arg>pasi</arg>
<kw name="Input Text" library="SeleniumLibrary">
<arg>username</arg>
<arg>${username}</arg>
<doc>Types the given ``text`` into the text field identified by ``locator``.</doc>
<msg timestamp="20241115 16:44:42.893" level="INFO">Typing text 'pasi' into text field 'username'.</msg>
<status status="PASS" starttime="20241115 16:44:42.893" endtime="20241115 16:44:42.935"/>
</kw>
<status status="PASS" starttime="20241115 16:44:42.893" endtime="20241115 16:44:42.935"/>
</kw>
<kw name="Set Password">
<arg>123456789</arg>
<kw name="Input Password" library="SeleniumLibrary">
<arg>password</arg>
<arg>${password}</arg>
<doc>Types the given password into the text field identified by ``locator``.</doc>
<msg timestamp="20241115 16:44:42.936" level="INFO">Typing password into text field 'password'.</msg>
<msg timestamp="20241115 16:44:42.953" level="INFO">Temporally setting log level to: NONE</msg>
<msg timestamp="20241115 16:44:42.974" level="INFO">Log level changed from NONE to INFO.</msg>
<status status="PASS" starttime="20241115 16:44:42.936" endtime="20241115 16:44:42.974"/>
</kw>
<status status="PASS" starttime="20241115 16:44:42.936" endtime="20241115 16:44:42.974"/>
</kw>
<kw name="Set Confirmation Password">
<arg>1234567890</arg>
<kw name="Input Password" library="SeleniumLibrary">
<arg>password_confirmation</arg>
<arg>${password}</arg>
<doc>Types the given password into the text field identified by ``locator``.</doc>
<msg timestamp="20241115 16:44:42.975" level="INFO">Typing password into text field 'password_confirmation'.</msg>
<msg timestamp="20241115 16:44:42.991" level="INFO">Temporally setting log level to: NONE</msg>
<msg timestamp="20241115 16:44:43.013" level="INFO">Log level changed from NONE to INFO.</msg>
<status status="PASS" starttime="20241115 16:44:42.974" endtime="20241115 16:44:43.013"/>
</kw>
<status status="PASS" starttime="20241115 16:44:42.974" endtime="20241115 16:44:43.013"/>
</kw>
<kw name="Submit Credentials">
<kw name="Click Button" library="SeleniumLibrary">
<arg>Register</arg>
<doc>Clicks the button identified by ``locator``.</doc>
<msg timestamp="20241115 16:44:43.014" level="INFO">Clicking button 'Register'.</msg>
<status status="PASS" starttime="20241115 16:44:43.013" endtime="20241115 16:44:43.044"/>
</kw>
<status status="PASS" starttime="20241115 16:44:43.013" endtime="20241115 16:44:43.044"/>
</kw>
<kw name="Registeration Should Fail">
<kw name="Title Should Be" library="SeleniumLibrary">
<arg>Register</arg>
<doc>Verifies that the current page title equals ``title``.</doc>
<msg timestamp="20241115 16:44:43.055" level="INFO">Page title is 'Register'.</msg>
<status status="PASS" starttime="20241115 16:44:43.045" endtime="20241115 16:44:43.055"/>
</kw>
<status status="PASS" starttime="20241115 16:44:43.044" endtime="20241115 16:44:43.055"/>
</kw>
<status status="PASS" starttime="20241115 16:44:42.871" endtime="20241115 16:44:43.055"/>
</test>
<test id="s1-s3-t6" name="Register With Username That Is Already In Use" line="45">
<kw name="Reset Application Create User And Go To Register Page" type="SETUP">
<kw name="Reset Application" library="AppLibrary">
<status status="PASS" starttime="20241115 16:44:43.056" endtime="20241115 16:44:43.058"/>
</kw>
<kw name="Create User" library="AppLibrary">
<arg>kalle</arg>
<arg>kalle123</arg>
<status status="PASS" starttime="20241115 16:44:43.059" endtime="20241115 16:44:43.062"/>
</kw>
<kw name="Go To Register Page" library="resource">
<kw name="Go To" library="SeleniumLibrary">
<arg>${REGISTER_URL}</arg>
<doc>Navigates the current browser window to the provided ``url``.</doc>
<msg timestamp="20241115 16:44:43.062" level="INFO">Opening url 'http://localhost:5001/register'</msg>
<status status="PASS" starttime="20241115 16:44:43.062" endtime="20241115 16:44:43.076"/>
</kw>
<status status="PASS" starttime="20241115 16:44:43.062" endtime="20241115 16:44:43.076"/>
</kw>
<status status="PASS" starttime="20241115 16:44:43.056" endtime="20241115 16:44:43.076"/>
</kw>
<kw name="Set Username">
<arg>kalle</arg>
<kw name="Input Text" library="SeleniumLibrary">
<arg>username</arg>
<arg>${username}</arg>
<doc>Types the given ``text`` into the text field identified by ``locator``.</doc>
<msg timestamp="20241115 16:44:43.077" level="INFO">Typing text 'kalle' into text field 'username'.</msg>
<status status="PASS" starttime="20241115 16:44:43.076" endtime="20241115 16:44:43.119"/>
</kw>
<status status="PASS" starttime="20241115 16:44:43.076" endtime="20241115 16:44:43.119"/>
</kw>
<kw name="Set Matching Passwords">
<arg>123456789</arg>
<kw name="Input Password" library="SeleniumLibrary">
<arg>password</arg>
<arg>${password}</arg>
<doc>Types the given password into the text field identified by ``locator``.</doc>
<msg timestamp="20241115 16:44:43.120" level="INFO">Typing password into text field 'password'.</msg>
<msg timestamp="20241115 16:44:43.136" level="INFO">Temporally setting log level to: NONE</msg>
<msg timestamp="20241115 16:44:43.157" level="INFO">Log level changed from NONE to INFO.</msg>
<status status="PASS" starttime="20241115 16:44:43.120" endtime="20241115 16:44:43.157"/>
</kw>
<kw name="Input Password" library="SeleniumLibrary">
<arg>password_confirmation</arg>
<arg>${password}</arg>
<doc>Types the given password into the text field identified by ``locator``.</doc>
<msg timestamp="20241115 16:44:43.157" level="INFO">Typing password into text field 'password_confirmation'.</msg>
<msg timestamp="20241115 16:44:43.173" level="INFO">Temporally setting log level to: NONE</msg>
<msg timestamp="20241115 16:44:43.193" level="INFO">Log level changed from NONE to INFO.</msg>
<status status="PASS" starttime="20241115 16:44:43.157" endtime="20241115 16:44:43.193"/>
</kw>
<status status="PASS" starttime="20241115 16:44:43.119" endtime="20241115 16:44:43.193"/>
</kw>
<kw name="Submit Credentials">
<kw name="Click Button" library="SeleniumLibrary">
<arg>Register</arg>
<doc>Clicks the button identified by ``locator``.</doc>
<msg timestamp="20241115 16:44:43.193" level="INFO">Clicking button 'Register'.</msg>
<status status="PASS" starttime="20241115 16:44:43.193" endtime="20241115 16:44:43.224"/>
</kw>
<status status="PASS" starttime="20241115 16:44:43.193" endtime="20241115 16:44:43.224"/>
</kw>
<kw name="Registeration Should Fail">
<kw name="Title Should Be" library="SeleniumLibrary">
<arg>Register</arg>
<doc>Verifies that the current page title equals ``title``.</doc>
<msg timestamp="20241115 16:44:43.237" level="INFO">Page title is 'Register'.</msg>
<status status="PASS" starttime="20241115 16:44:43.224" endtime="20241115 16:44:43.237"/>
</kw>
<status status="PASS" starttime="20241115 16:44:43.224" endtime="20241115 16:44:43.237"/>
</kw>
<status status="PASS" starttime="20241115 16:44:43.056" endtime="20241115 16:44:43.238"/>
</test>
<kw name="Close Browser" library="SeleniumLibrary" type="TEARDOWN">
<doc>Closes the current browser.</doc>
<status status="PASS" starttime="20241115 16:44:43.238" endtime="20241115 16:44:43.302"/>
</kw>
<status status="PASS" starttime="20241115 16:44:41.842" endtime="20241115 16:44:43.302"/>
</suite>
<status status="PASS" starttime="20241115 16:44:40.389" endtime="20241115 16:44:43.304"/>
</suite>
<statistics>
<total>
<stat pass="11" fail="0" skip="0">All Tests</stat>
</total>
<tag>
</tag>
<suite>
<stat pass="11" fail="0" skip="0" id="s1" name="Tests">Tests</stat>
<stat pass="2" fail="0" skip="0" id="s1-s1" name="Home">Tests.Home</stat>
<stat pass="3" fail="0" skip="0" id="s1-s2" name="Login">Tests.Login</stat>
<stat pass="6" fail="0" skip="0" id="s1-s3" name="Register">Tests.Register</stat>
</suite>
</statistics>
<errors>
<msg timestamp="20241115 16:44:40.584" level="WARN">The chromedriver version (130.0.6723.91) detected in PATH at /usr/bin/chromedriver might not be compatible with the detected chrome version (131.0.6778.69); currently, chromedriver 131.0.6778.69 is recommended for chrome 131.*, so it is advised to delete the driver in PATH and retry</msg>
<msg timestamp="20241115 16:44:41.071" level="WARN">The chromedriver version (130.0.6723.91) detected in PATH at /usr/bin/chromedriver might not be compatible with the detected chrome version (131.0.6778.69); currently, chromedriver 131.0.6778.69 is recommended for chrome 131.*, so it is advised to delete the driver in PATH and retry</msg>
<msg timestamp="20241115 16:44:41.894" level="WARN">The chromedriver version (130.0.6723.91) detected in PATH at /usr/bin/chromedriver might not be compatible with the detected chrome version (131.0.6778.69); currently, chromedriver 131.0.6778.69 is recommended for chrome 131.*, so it is advised to delete the driver in PATH and retry</msg>
</errors>
</robot>
