<?xml version="1.0" encoding="UTF-8"?>
<robot generator="Robot 6.1.1 (Python 3.10.12 on linux)" generated="20241115 16:01:08.012" rpa="false" schemaversion="4">
<suite id="s1" name="Tests" source="/home/leevisuo/Documents/ohtu/ohtu_palauturepositio/viikko3/web-login/src/tests">
<suite id="s1-s1" name="Home" source="/home/leevisuo/Documents/ohtu/ohtu_palauturepositio/viikko3/web-login/src/tests/home.robot">
<kw name="Open And Configure Browser" library="resource" type="SETUP">
<if>
<branch type="IF" condition="$BROWSER == 'chrome'">
<kw name="Evaluate" library="BuiltIn">
<var>${options}</var>
<arg>sys.modules['selenium.webdriver'].ChromeOptions()</arg>
<arg>sys</arg>
<doc>Evaluates the given expression in Python and returns the result.</doc>
<msg timestamp="20241115 16:01:08.171" level="INFO">${options} = &lt;selenium.webdriver.chrome.options.Options object at 0x712e4c71b790&gt;</msg>
<status status="PASS" starttime="20241115 16:01:08.170" endtime="20241115 16:01:08.171"/>
</kw>
<status status="PASS" starttime="20241115 16:01:08.160" endtime="20241115 16:01:08.171"/>
</branch>
<branch type="ELSE IF" condition="$BROWSER == 'firefox'">
<kw name="Evaluate" library="BuiltIn">
<var>${options}</var>
<arg>sys.modules['selenium.webdriver'].FirefoxOptions()</arg>
<arg>sys</arg>
<doc>Evaluates the given expression in Python and returns the result.</doc>
<status status="NOT RUN" starttime="20241115 16:01:08.171" endtime="20241115 16:01:08.171"/>
</kw>
<status status="NOT RUN" starttime="20241115 16:01:08.171" endtime="20241115 16:01:08.171"/>
</branch>
<status status="PASS" starttime="20241115 16:01:08.160" endtime="20241115 16:01:08.171"/>
</if>
<if>
<branch type="IF" condition="$HEADLESS == 'true'">
<kw name="Set Selenium Speed" library="SeleniumLibrary">
<arg>0</arg>
<doc>Sets the delay that is waited after each Selenium command.</doc>
<status status="PASS" starttime="20241115 16:01:08.171" endtime="20241115 16:01:08.171"/>
</kw>
<kw name="Call Method" library="BuiltIn">
<arg>${options}</arg>
<arg>add_argument</arg>
<arg>--headless</arg>
<doc>Calls the named method of the given object with the provided arguments.</doc>
<status status="PASS" starttime="20241115 16:01:08.171" endtime="20241115 16:01:08.171"/>
</kw>
<status status="PASS" starttime="20241115 16:01:08.171" endtime="20241115 16:01:08.171"/>
</branch>
<branch type="ELSE">
<kw name="Set Selenium Speed" library="SeleniumLibrary">
<arg>${DELAY}</arg>
<doc>Sets the delay that is waited after each Selenium command.</doc>
<status status="NOT RUN" starttime="20241115 16:01:08.171" endtime="20241115 16:01:08.171"/>
</kw>
<status status="NOT RUN" starttime="20241115 16:01:08.171" endtime="20241115 16:01:08.171"/>
</branch>
<status status="PASS" starttime="20241115 16:01:08.171" endtime="20241115 16:01:08.171"/>
</if>
<kw name="Open Browser" library="SeleniumLibrary">
<arg>browser=${BROWSER}</arg>
<arg>options=${options}</arg>
<doc>Opens a new browser instance to the optional ``url``.</doc>
<msg timestamp="20241115 16:01:08.172" level="INFO">Opening browser 'chrome' to base url 'None'.</msg>
<msg timestamp="20241115 16:01:08.204" level="WARN">The chromedriver version (130.0.6723.91) detected in PATH at /usr/bin/chromedriver might not be compatible with the detected chrome version (131.0.6778.69); currently, chromedriver 131.0.6778.69 is recommended for chrome 131.*, so it is advised to delete the driver in PATH and retry</msg>
<status status="PASS" starttime="20241115 16:01:08.171" endtime="20241115 16:01:08.377"/>
</kw>
<status status="PASS" starttime="20241115 16:01:08.159" endtime="20241115 16:01:08.377"/>
</kw>
<test id="s1-s1-t1" name="Click Login Link" line="8">
<kw name="Reset Application And Go To Starting Page" type="SETUP">
<kw name="Reset Application" library="AppLibrary">
<status status="PASS" starttime="20241115 16:01:08.377" endtime="20241115 16:01:08.380"/>
</kw>
<kw name="Go To Starting Page" library="resource">
<kw name="Go To" library="SeleniumLibrary">
<arg>${HOME_URL}</arg>
<doc>Navigates the current browser window to the provided ``url``.</doc>
<msg timestamp="20241115 16:01:08.380" level="INFO">Opening url 'http://localhost:5001'</msg>
<status status="PASS" starttime="20241115 16:01:08.380" endtime="20241115 16:01:08.412"/>
</kw>
<status status="PASS" starttime="20241115 16:01:08.380" endtime="20241115 16:01:08.412"/>
</kw>
<status status="PASS" starttime="20241115 16:01:08.377" endtime="20241115 16:01:08.412"/>
</kw>
<kw name="Click Link" library="SeleniumLibrary">
<arg>Login</arg>
<doc>Clicks a link identified by ``locator``.</doc>
<msg timestamp="20241115 16:01:08.413" level="INFO">Clicking link 'Login'.</msg>
<status status="PASS" starttime="20241115 16:01:08.413" endtime="20241115 16:01:08.472"/>
</kw>
<kw name="Login Page Should Be Open">
<kw name="Title Should Be" library="SeleniumLibrary">
<arg>Login</arg>
<doc>Verifies that the current page title equals ``title``.</doc>
<msg timestamp="20241115 16:01:08.476" level="INFO">Page title is 'Login'.</msg>
<status status="PASS" starttime="20241115 16:01:08.473" endtime="20241115 16:01:08.476"/>
</kw>
<status status="PASS" starttime="20241115 16:01:08.473" endtime="20241115 16:01:08.476"/>
</kw>
<status status="PASS" starttime="20241115 16:01:08.377" endtime="20241115 16:01:08.477"/>
</test>
<test id="s1-s1-t2" name="Click Register Link" line="12">
<kw name="Reset Application And Go To Starting Page" type="SETUP">
<kw name="Reset Application" library="AppLibrary">
<status status="PASS" starttime="20241115 16:01:08.477" endtime="20241115 16:01:08.479"/>
</kw>
<kw name="Go To Starting Page" library="resource">
<kw name="Go To" library="SeleniumLibrary">
<arg>${HOME_URL}</arg>
<doc>Navigates the current browser window to the provided ``url``.</doc>
<msg timestamp="20241115 16:01:08.480" level="INFO">Opening url 'http://localhost:5001'</msg>
<status status="PASS" starttime="20241115 16:01:08.480" endtime="20241115 16:01:08.494"/>
</kw>
<status status="PASS" starttime="20241115 16:01:08.479" endtime="20241115 16:01:08.494"/>
</kw>
<status status="PASS" starttime="20241115 16:01:08.477" endtime="20241115 16:01:08.494"/>
</kw>
<kw name="Click Link" library="SeleniumLibrary">
<arg>Register new user</arg>
<doc>Clicks a link identified by ``locator``.</doc>
<msg timestamp="20241115 16:01:08.495" level="INFO">Clicking link 'Register new user'.</msg>
<status status="PASS" starttime="20241115 16:01:08.495" endtime="20241115 16:01:08.541"/>
</kw>
<kw name="Register Page Should Be Open">
<kw name="Title Should Be" library="SeleniumLibrary">
<arg>Register</arg>
<doc>Verifies that the current page title equals ``title``.</doc>
<msg timestamp="20241115 16:01:08.544" level="INFO">Page title is 'Register'.</msg>
<status status="PASS" starttime="20241115 16:01:08.542" endtime="20241115 16:01:08.544"/>
</kw>
<status status="PASS" starttime="20241115 16:01:08.541" endtime="20241115 16:01:08.544"/>
</kw>
<status status="PASS" starttime="20241115 16:01:08.477" endtime="20241115 16:01:08.544"/>
</test>
<kw name="Close Browser" library="SeleniumLibrary" type="TEARDOWN">
<doc>Closes the current browser.</doc>
<status status="PASS" starttime="20241115 16:01:08.545" endtime="20241115 16:01:08.609"/>
</kw>
<status status="PASS" starttime="20241115 16:01:08.024" endtime="20241115 16:01:08.609"/>
</suite>
<suite id="s1-s2" name="Login" source="/home/leevisuo/Documents/ohtu/ohtu_palauturepositio/viikko3/web-login/src/tests/login.robot">
<kw name="Open And Configure Browser" library="resource" type="SETUP">
<if>
<branch type="IF" condition="$BROWSER == 'chrome'">
<kw name="Evaluate" library="BuiltIn">
<var>${options}</var>
<arg>sys.modules['selenium.webdriver'].ChromeOptions()</arg>
<arg>sys</arg>
<doc>Evaluates the given expression in Python and returns the result.</doc>
<msg timestamp="20241115 16:01:08.616" level="INFO">${options} = &lt;selenium.webdriver.chrome.options.Options object at 0x712e4c5c1420&gt;</msg>
<status status="PASS" starttime="20241115 16:01:08.616" endtime="20241115 16:01:08.616"/>
</kw>
<status status="PASS" starttime="20241115 16:01:08.616" endtime="20241115 16:01:08.616"/>
</branch>
<branch type="ELSE IF" condition="$BROWSER == 'firefox'">
<kw name="Evaluate" library="BuiltIn">
<var>${options}</var>
<arg>sys.modules['selenium.webdriver'].FirefoxOptions()</arg>
<arg>sys</arg>
<doc>Evaluates the given expression in Python and returns the result.</doc>
<status status="NOT RUN" starttime="20241115 16:01:08.617" endtime="20241115 16:01:08.617"/>
</kw>
<status status="NOT RUN" starttime="20241115 16:01:08.616" endtime="20241115 16:01:08.617"/>
</branch>
<status status="PASS" starttime="20241115 16:01:08.615" endtime="20241115 16:01:08.617"/>
</if>
<if>
<branch type="IF" condition="$HEADLESS == 'true'">
<kw name="Set Selenium Speed" library="SeleniumLibrary">
<arg>0</arg>
<doc>Sets the delay that is waited after each Selenium command.</doc>
<status status="PASS" starttime="20241115 16:01:08.617" endtime="20241115 16:01:08.617"/>
</kw>
<kw name="Call Method" library="BuiltIn">
<arg>${options}</arg>
<arg>add_argument</arg>
<arg>--headless</arg>
<doc>Calls the named method of the given object with the provided arguments.</doc>
<status status="PASS" starttime="20241115 16:01:08.617" endtime="20241115 16:01:08.618"/>
</kw>
<status status="PASS" starttime="20241115 16:01:08.617" endtime="20241115 16:01:08.618"/>
</branch>
<branch type="ELSE">
<kw name="Set Selenium Speed" library="SeleniumLibrary">
<arg>${DELAY}</arg>
<doc>Sets the delay that is waited after each Selenium command.</doc>
<status status="NOT RUN" starttime="20241115 16:01:08.618" endtime="20241115 16:01:08.618"/>
</kw>
<status status="NOT RUN" starttime="20241115 16:01:08.618" endtime="20241115 16:01:08.618"/>
</branch>
<status status="PASS" starttime="20241115 16:01:08.617" endtime="20241115 16:01:08.618"/>
</if>
<kw name="Open Browser" library="SeleniumLibrary">
<arg>browser=${BROWSER}</arg>
<arg>options=${options}</arg>
<doc>Opens a new browser instance to the optional ``url``.</doc>
<msg timestamp="20241115 16:01:08.619" level="INFO">Opening browser 'chrome' to base url 'None'.</msg>
<msg timestamp="20241115 16:01:08.668" level="WARN">The chromedriver version (130.0.6723.91) detected in PATH at /usr/bin/chromedriver might not be compatible with the detected chrome version (131.0.6778.69); currently, chromedriver 131.0.6778.69 is recommended for chrome 131.*, so it is advised to delete the driver in PATH and retry</msg>
<status status="PASS" starttime="20241115 16:01:08.618" endtime="20241115 16:01:08.852"/>
</kw>
<status status="PASS" starttime="20241115 16:01:08.615" endtime="20241115 16:01:08.852"/>
</kw>
<test id="s1-s2-t1" name="Login With Correct Credentials" line="8">
<kw name="Reset Application Create User And Go To Login Page" type="SETUP">
<kw name="Reset Application" library="AppLibrary">
<status status="PASS" starttime="20241115 16:01:08.853" endtime="20241115 16:01:08.855"/>
</kw>
<kw name="Create User" library="AppLibrary">
<arg>kalle</arg>
<arg>kalle123</arg>
<status status="PASS" starttime="20241115 16:01:08.855" endtime="20241115 16:01:08.859"/>
</kw>
<kw name="Go To Login Page" library="resource">
<kw name="Go To" library="SeleniumLibrary">
<arg>${LOGIN_URL}</arg>
<doc>Navigates the current browser window to the provided ``url``.</doc>
<msg timestamp="20241115 16:01:08.860" level="INFO">Opening url 'http://localhost:5001/login'</msg>
<status status="PASS" starttime="20241115 16:01:08.860" endtime="20241115 16:01:08.897"/>
</kw>
<status status="PASS" starttime="20241115 16:01:08.859" endtime="20241115 16:01:08.897"/>
</kw>
<status status="PASS" starttime="20241115 16:01:08.853" endtime="20241115 16:01:08.897"/>
</kw>
<kw name="Set Username">
<arg>kalle</arg>
<kw name="Input Text" library="SeleniumLibrary">
<arg>username</arg>
<arg>${username}</arg>
<doc>Types the given ``text`` into the text field identified by ``locator``.</doc>
<msg timestamp="20241115 16:01:08.898" level="INFO">Typing text 'kalle' into text field 'username'.</msg>
<status status="PASS" starttime="20241115 16:01:08.898" endtime="20241115 16:01:08.964"/>
</kw>
<status status="PASS" starttime="20241115 16:01:08.898" endtime="20241115 16:01:08.964"/>
</kw>
<kw name="Set Password">
<arg>kalle123</arg>
<kw name="Input Password" library="SeleniumLibrary">
<arg>password</arg>
<arg>${password}</arg>
<doc>Types the given password into the text field identified by ``locator``.</doc>
<msg timestamp="20241115 16:01:08.964" level="INFO">Typing password into text field 'password'.</msg>
<msg timestamp="20241115 16:01:08.984" level="INFO">Temporally setting log level to: NONE</msg>
<msg timestamp="20241115 16:01:09.006" level="INFO">Log level changed from NONE to INFO.</msg>
<status status="PASS" starttime="20241115 16:01:08.964" endtime="20241115 16:01:09.006"/>
</kw>
<status status="PASS" starttime="20241115 16:01:08.964" endtime="20241115 16:01:09.006"/>
</kw>
<kw name="Submit Credentials">
<kw name="Click Button" library="SeleniumLibrary">
<arg>Login</arg>
<doc>Clicks the button identified by ``locator``.</doc>
<msg timestamp="20241115 16:01:09.007" level="INFO">Clicking button 'Login'.</msg>
<status status="PASS" starttime="20241115 16:01:09.007" endtime="20241115 16:01:09.058"/>
</kw>
<status status="PASS" starttime="20241115 16:01:09.006" endtime="20241115 16:01:09.058"/>
</kw>
<kw name="Login Should Succeed">
<kw name="Main Page Should Be Open" library="resource">
<kw name="Title Should Be" library="SeleniumLibrary">
<arg>Ohtu Application main page</arg>
<doc>Verifies that the current page title equals ``title``.</doc>
<msg timestamp="20241115 16:01:09.062" level="INFO">Page title is 'Ohtu Application main page'.</msg>
<status status="PASS" starttime="20241115 16:01:09.059" endtime="20241115 16:01:09.062"/>
</kw>
<status status="PASS" starttime="20241115 16:01:09.058" endtime="20241115 16:01:09.062"/>
</kw>
<status status="PASS" starttime="20241115 16:01:09.058" endtime="20241115 16:01:09.062"/>
</kw>
<status status="PASS" starttime="20241115 16:01:08.852" endtime="20241115 16:01:09.062"/>
</test>
<test id="s1-s2-t2" name="Login With Incorrect Password" line="14">
<kw name="Reset Application Create User And Go To Login Page" type="SETUP">
<kw name="Reset Application" library="AppLibrary">
<status status="PASS" starttime="20241115 16:01:09.063" endtime="20241115 16:01:09.064"/>
</kw>
<kw name="Create User" library="AppLibrary">
<arg>kalle</arg>
<arg>kalle123</arg>
<status status="PASS" starttime="20241115 16:01:09.065" endtime="20241115 16:01:09.069"/>
</kw>
<kw name="Go To Login Page" library="resource">
<kw name="Go To" library="SeleniumLibrary">
<arg>${LOGIN_URL}</arg>
<doc>Navigates the current browser window to the provided ``url``.</doc>
<msg timestamp="20241115 16:01:09.070" level="INFO">Opening url 'http://localhost:5001/login'</msg>
<status status="PASS" starttime="20241115 16:01:09.069" endtime="20241115 16:01:09.083"/>
</kw>
<status status="PASS" starttime="20241115 16:01:09.069" endtime="20241115 16:01:09.083"/>
</kw>
<status status="PASS" starttime="20241115 16:01:09.062" endtime="20241115 16:01:09.083"/>
</kw>
<kw name="Set Username">
<arg>kalle</arg>
<kw name="Input Text" library="SeleniumLibrary">
<arg>username</arg>
<arg>${username}</arg>
<doc>Types the given ``text`` into the text field identified by ``locator``.</doc>
<msg timestamp="20241115 16:01:09.084" level="INFO">Typing text 'kalle' into text field 'username'.</msg>
<status status="PASS" starttime="20241115 16:01:09.083" endtime="20241115 16:01:09.125"/>
</kw>
<status status="PASS" starttime="20241115 16:01:09.083" endtime="20241115 16:01:09.125"/>
</kw>
<kw name="Set Password">
<arg>kalle456</arg>
<kw name="Input Password" library="SeleniumLibrary">
<arg>password</arg>
<arg>${password}</arg>
<doc>Types the given password into the text field identified by ``locator``.</doc>
<msg timestamp="20241115 16:01:09.126" level="INFO">Typing password into text field 'password'.</msg>
<msg timestamp="20241115 16:01:09.143" level="INFO">Temporally setting log level to: NONE</msg>
<msg timestamp="20241115 16:01:09.164" level="INFO">Log level changed from NONE to INFO.</msg>
<status status="PASS" starttime="20241115 16:01:09.126" endtime="20241115 16:01:09.164"/>
</kw>
<status status="PASS" starttime="20241115 16:01:09.125" endtime="20241115 16:01:09.164"/>
</kw>
<kw name="Submit Credentials">
<kw name="Click Button" library="SeleniumLibrary">
<arg>Login</arg>
<doc>Clicks the button identified by ``locator``.</doc>
<msg timestamp="20241115 16:01:09.164" level="INFO">Clicking button 'Login'.</msg>
<status status="PASS" starttime="20241115 16:01:09.164" endtime="20241115 16:01:09.195"/>
</kw>
<status status="PASS" starttime="20241115 16:01:09.164" endtime="20241115 16:01:09.195"/>
</kw>
<kw name="Login Should Fail With Message">
<arg>Invalid username or password</arg>
<kw name="Login Page Should Be Open" library="resource">
<kw name="Title Should Be" library="SeleniumLibrary">
<arg>Login</arg>
<doc>Verifies that the current page title equals ``title``.</doc>
<msg timestamp="20241115 16:01:09.206" level="INFO">Page title is 'Login'.</msg>
<status status="PASS" starttime="20241115 16:01:09.196" endtime="20241115 16:01:09.206"/>
</kw>
<status status="PASS" starttime="20241115 16:01:09.196" endtime="20241115 16:01:09.207"/>
</kw>
<kw name="Page Should Contain" library="SeleniumLibrary">
<arg>${message}</arg>
<doc>Verifies that current page contains ``text``.</doc>
<msg timestamp="20241115 16:01:09.216" level="INFO">Current page contains text 'Invalid username or password'.</msg>
<status status="PASS" starttime="20241115 16:01:09.207" endtime="20241115 16:01:09.216"/>
</kw>
<status status="PASS" starttime="20241115 16:01:09.195" endtime="20241115 16:01:09.216"/>
</kw>
<status status="PASS" starttime="20241115 16:01:09.062" endtime="20241115 16:01:09.216"/>
</test>
<test id="s1-s2-t3" name="Login With Nonexistent Username" line="20">
<kw name="Reset Application Create User And Go To Login Page" type="SETUP">
<kw name="Reset Application" library="AppLibrary">
<status status="PASS" starttime="20241115 16:01:09.217" endtime="20241115 16:01:09.220"/>
</kw>
<kw name="Create User" library="AppLibrary">
<arg>kalle</arg>
<arg>kalle123</arg>
<status status="PASS" starttime="20241115 16:01:09.220" endtime="20241115 16:01:09.224"/>
</kw>
<kw name="Go To Login Page" library="resource">
<kw name="Go To" library="SeleniumLibrary">
<arg>${LOGIN_URL}</arg>
<doc>Navigates the current browser window to the provided ``url``.</doc>
<msg timestamp="20241115 16:01:09.225" level="INFO">Opening url 'http://localhost:5001/login'</msg>
<status status="PASS" starttime="20241115 16:01:09.224" endtime="20241115 16:01:09.238"/>
</kw>
<status status="PASS" starttime="20241115 16:01:09.224" endtime="20241115 16:01:09.238"/>
</kw>
<status status="PASS" starttime="20241115 16:01:09.216" endtime="20241115 16:01:09.238"/>
</kw>
<kw name="Set Username">
<arg>pasi</arg>
<kw name="Input Text" library="SeleniumLibrary">
<arg>username</arg>
<arg>${username}</arg>
<doc>Types the given ``text`` into the text field identified by ``locator``.</doc>
<msg timestamp="20241115 16:01:09.239" level="INFO">Typing text 'pasi' into text field 'username'.</msg>
<status status="PASS" starttime="20241115 16:01:09.238" endtime="20241115 16:01:09.280"/>
</kw>
<status status="PASS" starttime="20241115 16:01:09.238" endtime="20241115 16:01:09.280"/>
</kw>
<kw name="Set Password">
<arg>pasi3</arg>
<kw name="Input Password" library="SeleniumLibrary">
<arg>password</arg>
<arg>${password}</arg>
<doc>Types the given password into the text field identified by ``locator``.</doc>
<msg timestamp="20241115 16:01:09.281" level="INFO">Typing password into text field 'password'.</msg>
<msg timestamp="20241115 16:01:09.299" level="INFO">Temporally setting log level to: NONE</msg>
<msg timestamp="20241115 16:01:09.320" level="INFO">Log level changed from NONE to INFO.</msg>
<status status="PASS" starttime="20241115 16:01:09.280" endtime="20241115 16:01:09.320"/>
</kw>
<status status="PASS" starttime="20241115 16:01:09.280" endtime="20241115 16:01:09.320"/>
</kw>
<kw name="Submit Credentials">
<kw name="Click Button" library="SeleniumLibrary">
<arg>Login</arg>
<doc>Clicks the button identified by ``locator``.</doc>
<msg timestamp="20241115 16:01:09.321" level="INFO">Clicking button 'Login'.</msg>
<status status="PASS" starttime="20241115 16:01:09.320" endtime="20241115 16:01:09.351"/>
</kw>
<status status="PASS" starttime="20241115 16:01:09.320" endtime="20241115 16:01:09.351"/>
</kw>
<kw name="Page Should Contain" library="SeleniumLibrary">
<arg>Invalid username or password</arg>
<doc>Verifies that current page contains ``text``.</doc>
<msg timestamp="20241115 16:01:09.363" level="INFO">Current page contains text 'Invalid username or password'.</msg>
<status status="PASS" starttime="20241115 16:01:09.351" endtime="20241115 16:01:09.363"/>
</kw>
<status status="PASS" starttime="20241115 16:01:09.216" endtime="20241115 16:01:09.364"/>
</test>
<kw name="Close Browser" library="SeleniumLibrary" type="TEARDOWN">
<doc>Closes the current browser.</doc>
<status status="PASS" starttime="20241115 16:01:09.364" endtime="20241115 16:01:09.422"/>
</kw>
<status status="PASS" starttime="20241115 16:01:08.610" endtime="20241115 16:01:09.422"/>
</suite>
<status status="PASS" starttime="20241115 16:01:08.013" endtime="20241115 16:01:09.422"/>
</suite>
<statistics>
<total>
<stat pass="5" fail="0" skip="0">All Tests</stat>
</total>
<tag>
</tag>
<suite>
<stat pass="5" fail="0" skip="0" id="s1" name="Tests">Tests</stat>
<stat pass="2" fail="0" skip="0" id="s1-s1" name="Home">Tests.Home</stat>
<stat pass="3" fail="0" skip="0" id="s1-s2" name="Login">Tests.Login</stat>
</suite>
</statistics>
<errors>
<msg timestamp="20241115 16:01:08.204" level="WARN">The chromedriver version (130.0.6723.91) detected in PATH at /usr/bin/chromedriver might not be compatible with the detected chrome version (131.0.6778.69); currently, chromedriver 131.0.6778.69 is recommended for chrome 131.*, so it is advised to delete the driver in PATH and retry</msg>
<msg timestamp="20241115 16:01:08.668" level="WARN">The chromedriver version (130.0.6723.91) detected in PATH at /usr/bin/chromedriver might not be compatible with the detected chrome version (131.0.6778.69); currently, chromedriver 131.0.6778.69 is recommended for chrome 131.*, so it is advised to delete the driver in PATH and retry</msg>
</errors>
</robot>
